<?xml version="1.0" encoding="UTF-8"?>
<coverage generated="1528301193548" clover="3.2.0">
  <project timestamp="1528301193549" name="All files">
    <metrics statements="139" coveredstatements="48" conditionals="39" coveredconditionals="0" methods="48" coveredmethods="1" elements="226" coveredelements="49" complexity="0" loc="139" ncloc="139" packages="20" files="37" classes="37">
      <package name="jest">
        <metrics statements="1" coveredstatements="1" conditionals="0" coveredconditionals="0" methods="0" coveredmethods="0"/>
        <file name="setup.js" path="/Users/41967/Documents/work/P3NK/mobile/ecrew_mobile/jest/setup.js">
          <metrics statements="1" coveredstatements="1" conditionals="0" coveredconditionals="0" methods="0" coveredmethods="0"/>
          <line num="4" count="1" type="stmt"/>
        </file>
      </package>
      <package name="src">
        <metrics statements="0" coveredstatements="0" conditionals="0" coveredconditionals="0" methods="0" coveredmethods="0"/>
        <file name="CommonStyle.js" path="/Users/41967/Documents/work/P3NK/mobile/ecrew_mobile/src/CommonStyle.js">
          <metrics statements="0" coveredstatements="0" conditionals="0" coveredconditionals="0" methods="0" coveredmethods="0"/>
        </file>
      </package>
      <package name="src.assets">
        <metrics statements="3" coveredstatements="3" conditionals="0" coveredconditionals="0" methods="0" coveredmethods="0"/>
        <file name="chevronDown.png" path="/Users/41967/Documents/work/P3NK/mobile/ecrew_mobile/src/assets/chevronDown.png">
          <metrics statements="1" coveredstatements="1" conditionals="0" coveredconditionals="0" methods="0" coveredmethods="0"/>
          <line num="1" count="1" type="stmt"/>
        </file>
        <file name="chevronRight.png" path="/Users/41967/Documents/work/P3NK/mobile/ecrew_mobile/src/assets/chevronRight.png">
          <metrics statements="1" coveredstatements="1" conditionals="0" coveredconditionals="0" methods="0" coveredmethods="0"/>
          <line num="1" count="1" type="stmt"/>
        </file>
        <file name="sceLogo.png" path="/Users/41967/Documents/work/P3NK/mobile/ecrew_mobile/src/assets/sceLogo.png">
          <metrics statements="1" coveredstatements="1" conditionals="0" coveredconditionals="0" methods="0" coveredmethods="0"/>
          <line num="1" count="1" type="stmt"/>
        </file>
      </package>
      <package name="src.components.shared">
        <metrics statements="0" coveredstatements="0" conditionals="0" coveredconditionals="0" methods="0" coveredmethods="0"/>
        <file name="index.js" path="/Users/41967/Documents/work/P3NK/mobile/ecrew_mobile/src/components/shared/index.js">
          <metrics statements="0" coveredstatements="0" conditionals="0" coveredconditionals="0" methods="0" coveredmethods="0"/>
        </file>
      </package>
      <package name="src.components.shared.ButtonComponent">
        <metrics statements="5" coveredstatements="3" conditionals="0" coveredconditionals="0" methods="2" coveredmethods="0"/>
        <file name="ButtonComponent.js" path="/Users/41967/Documents/work/P3NK/mobile/ecrew_mobile/src/components/shared/ButtonComponent/ButtonComponent.js">
          <metrics statements="5" coveredstatements="3" conditionals="0" coveredconditionals="0" methods="2" coveredmethods="0"/>
          <line num="7" count="1" type="stmt"/>
          <line num="13" count="0" type="stmt"/>
          <line num="14" count="0" type="stmt"/>
          <line num="20" count="1" type="stmt"/>
          <line num="33" count="1" type="stmt"/>
        </file>
        <file name="ButtonComponentStyle.js" path="/Users/41967/Documents/work/P3NK/mobile/ecrew_mobile/src/components/shared/ButtonComponent/ButtonComponentStyle.js">
          <metrics statements="0" coveredstatements="0" conditionals="0" coveredconditionals="0" methods="0" coveredmethods="0"/>
        </file>
      </package>
      <package name="src.components.shared.CardItemComponent">
        <metrics statements="4" coveredstatements="4" conditionals="0" coveredconditionals="0" methods="1" coveredmethods="1"/>
        <file name="CardItemComponent.js" path="/Users/41967/Documents/work/P3NK/mobile/ecrew_mobile/src/components/shared/CardItemComponent/CardItemComponent.js">
          <metrics statements="4" coveredstatements="4" conditionals="0" coveredconditionals="0" methods="1" coveredmethods="1"/>
          <line num="7" count="1" type="stmt"/>
          <line num="8" count="4" type="stmt"/>
          <line num="20" count="1" type="stmt"/>
          <line num="24" count="1" type="stmt"/>
        </file>
        <file name="CardItemComponentStyle.js" path="/Users/41967/Documents/work/P3NK/mobile/ecrew_mobile/src/components/shared/CardItemComponent/CardItemComponentStyle.js">
          <metrics statements="0" coveredstatements="0" conditionals="0" coveredconditionals="0" methods="0" coveredmethods="0"/>
        </file>
      </package>
      <package name="src.components.shared.CardListComponent">
        <metrics statements="5" coveredstatements="3" conditionals="2" coveredconditionals="0" methods="2" coveredmethods="0"/>
        <file name="CardListComponent.js" path="/Users/41967/Documents/work/P3NK/mobile/ecrew_mobile/src/components/shared/CardListComponent/CardListComponent.js">
          <metrics statements="5" coveredstatements="3" conditionals="2" coveredconditionals="0" methods="2" coveredmethods="0"/>
          <line num="8" count="1" type="stmt"/>
          <line num="9" count="0" type="stmt"/>
          <line num="12" count="0" type="stmt"/>
          <line num="20" count="1" type="stmt"/>
          <line num="31" count="1" type="stmt"/>
        </file>
        <file name="CardListComponentStyle.js" path="/Users/41967/Documents/work/P3NK/mobile/ecrew_mobile/src/components/shared/CardListComponent/CardListComponentStyle.js">
          <metrics statements="0" coveredstatements="0" conditionals="0" coveredconditionals="0" methods="0" coveredmethods="0"/>
        </file>
      </package>
      <package name="src.components.shared.ContinueButtonComponent">
        <metrics statements="7" coveredstatements="2" conditionals="2" coveredconditionals="0" methods="2" coveredmethods="0"/>
        <file name="ContinueButtonComponent.js" path="/Users/41967/Documents/work/P3NK/mobile/ecrew_mobile/src/components/shared/ContinueButtonComponent/ContinueButtonComponent.js">
          <metrics statements="7" coveredstatements="2" conditionals="2" coveredconditionals="0" methods="2" coveredmethods="0"/>
          <line num="8" count="0" type="stmt"/>
          <line num="9" count="0" type="cond" truecount="0" falsecount="2"/>
          <line num="10" count="0" type="stmt"/>
          <line num="14" count="0" type="stmt"/>
          <line num="17" count="0" type="stmt"/>
          <line num="23" count="1" type="stmt"/>
          <line num="31" count="1" type="stmt"/>
        </file>
        <file name="ContinueButtonComponentStyle.js" path="/Users/41967/Documents/work/P3NK/mobile/ecrew_mobile/src/components/shared/ContinueButtonComponent/ContinueButtonComponentStyle.js">
          <metrics statements="0" coveredstatements="0" conditionals="0" coveredconditionals="0" methods="0" coveredmethods="0"/>
        </file>
      </package>
      <package name="src.components.shared.DateTimePickerComponent">
        <metrics statements="10" coveredstatements="2" conditionals="2" coveredconditionals="0" methods="4" coveredmethods="0"/>
        <file name="DateTimePickerComponent.js" path="/Users/41967/Documents/work/P3NK/mobile/ecrew_mobile/src/components/shared/DateTimePickerComponent/DateTimePickerComponent.js">
          <metrics statements="10" coveredstatements="2" conditionals="2" coveredconditionals="0" methods="4" coveredmethods="0"/>
          <line num="18" count="0" type="stmt"/>
          <line num="20" count="0" type="stmt"/>
          <line num="21" count="0" type="stmt"/>
          <line num="25" count="0" type="stmt"/>
          <line num="31" count="0" type="stmt"/>
          <line num="44" count="0" type="stmt"/>
          <line num="46" count="0" type="cond" truecount="0" falsecount="2"/>
          <line num="48" count="0" type="stmt"/>
          <line num="68" count="1" type="stmt"/>
          <line num="79" count="1" type="stmt"/>
        </file>
        <file name="DateTimePickerComponentStyle.js" path="/Users/41967/Documents/work/P3NK/mobile/ecrew_mobile/src/components/shared/DateTimePickerComponent/DateTimePickerComponentStyle.js">
          <metrics statements="0" coveredstatements="0" conditionals="0" coveredconditionals="0" methods="0" coveredmethods="0"/>
        </file>
      </package>
      <package name="src.components.shared.DropdownComponent">
        <metrics statements="22" coveredstatements="2" conditionals="23" coveredconditionals="0" methods="7" coveredmethods="0"/>
        <file name="DropdownComponent.js" path="/Users/41967/Documents/work/P3NK/mobile/ecrew_mobile/src/components/shared/DropdownComponent/DropdownComponent.js">
          <metrics statements="13" coveredstatements="2" conditionals="9" coveredconditionals="0" methods="4" coveredmethods="0"/>
          <line num="12" count="0" type="stmt"/>
          <line num="13" count="0" type="stmt"/>
          <line num="19" count="0" type="stmt"/>
          <line num="20" count="0" type="stmt"/>
          <line num="24" count="0" type="stmt"/>
          <line num="25" count="0" type="stmt"/>
          <line num="31" count="0" type="cond" truecount="0" falsecount="5"/>
          <line num="32" count="0" type="stmt"/>
          <line num="36" count="0" type="stmt"/>
          <line num="41" count="0" type="stmt"/>
          <line num="43" count="0" type="stmt"/>
          <line num="68" count="1" type="stmt"/>
          <line num="88" count="1" type="stmt"/>
        </file>
        <file name="DropdownComponentHelpers.js" path="/Users/41967/Documents/work/P3NK/mobile/ecrew_mobile/src/components/shared/DropdownComponent/DropdownComponentHelpers.js">
          <metrics statements="9" coveredstatements="0" conditionals="14" coveredconditionals="0" methods="3" coveredmethods="0"/>
          <line num="6" count="0" type="stmt"/>
          <line num="8" count="0" type="stmt"/>
          <line num="9" count="0" type="cond" truecount="0" falsecount="2"/>
          <line num="10" count="0" type="cond" truecount="0" falsecount="2"/>
          <line num="11" count="0" type="cond" truecount="0" falsecount="4"/>
          <line num="12" count="0" type="cond" truecount="0" falsecount="2"/>
          <line num="14" count="0" type="cond" truecount="0" falsecount="4"/>
          <line num="16" count="0" type="stmt"/>
          <line num="20" count="0" type="stmt"/>
        </file>
        <file name="DropdownComponentStyle.js" path="/Users/41967/Documents/work/P3NK/mobile/ecrew_mobile/src/components/shared/DropdownComponent/DropdownComponentStyle.js">
          <metrics statements="0" coveredstatements="0" conditionals="0" coveredconditionals="0" methods="0" coveredmethods="0"/>
        </file>
      </package>
      <package name="src.components.shared.HandOffButtonComponent">
        <metrics statements="5" coveredstatements="3" conditionals="0" coveredconditionals="0" methods="2" coveredmethods="0"/>
        <file name="HandOffButtonComponent.js" path="/Users/41967/Documents/work/P3NK/mobile/ecrew_mobile/src/components/shared/HandOffButtonComponent/HandOffButtonComponent.js">
          <metrics statements="5" coveredstatements="3" conditionals="0" coveredconditionals="0" methods="2" coveredmethods="0"/>
          <line num="5" count="1" type="stmt"/>
          <line num="6" count="0" type="stmt"/>
          <line num="7" count="0" type="stmt"/>
          <line num="13" count="1" type="stmt"/>
          <line num="22" count="1" type="stmt"/>
        </file>
      </package>
      <package name="src.components.shared.ListComponent">
        <metrics statements="5" coveredstatements="3" conditionals="0" coveredconditionals="0" methods="2" coveredmethods="0"/>
        <file name="ListComponent.js" path="/Users/41967/Documents/work/P3NK/mobile/ecrew_mobile/src/components/shared/ListComponent/ListComponent.js">
          <metrics statements="5" coveredstatements="3" conditionals="0" coveredconditionals="0" methods="2" coveredmethods="0"/>
          <line num="8" count="1" type="stmt"/>
          <line num="9" count="0" type="stmt"/>
          <line num="11" count="0" type="stmt"/>
          <line num="16" count="1" type="stmt"/>
          <line num="20" count="1" type="stmt"/>
        </file>
        <file name="ListComponentStyle.js" path="/Users/41967/Documents/work/P3NK/mobile/ecrew_mobile/src/components/shared/ListComponent/ListComponentStyle.js">
          <metrics statements="0" coveredstatements="0" conditionals="0" coveredconditionals="0" methods="0" coveredmethods="0"/>
        </file>
      </package>
      <package name="src.components.shared.ListItemComponent">
        <metrics statements="5" coveredstatements="3" conditionals="0" coveredconditionals="0" methods="2" coveredmethods="0"/>
        <file name="ListItemComponent.js" path="/Users/41967/Documents/work/P3NK/mobile/ecrew_mobile/src/components/shared/ListItemComponent/ListItemComponent.js">
          <metrics statements="5" coveredstatements="3" conditionals="0" coveredconditionals="0" methods="2" coveredmethods="0"/>
          <line num="7" count="1" type="stmt"/>
          <line num="8" count="0" type="stmt"/>
          <line num="9" count="0" type="stmt"/>
          <line num="17" count="1" type="stmt"/>
          <line num="21" count="1" type="stmt"/>
        </file>
        <file name="ListItemComponentStyle.js" path="/Users/41967/Documents/work/P3NK/mobile/ecrew_mobile/src/components/shared/ListItemComponent/ListItemComponentStyle.js">
          <metrics statements="0" coveredstatements="0" conditionals="0" coveredconditionals="0" methods="0" coveredmethods="0"/>
        </file>
      </package>
      <package name="src.components.shared.LogoTitleComponent">
        <metrics statements="5" coveredstatements="4" conditionals="0" coveredconditionals="0" methods="1" coveredmethods="0"/>
        <file name="LogoTitleComponent.js" path="/Users/41967/Documents/work/P3NK/mobile/ecrew_mobile/src/components/shared/LogoTitleComponent/LogoTitleComponent.js">
          <metrics statements="5" coveredstatements="4" conditionals="0" coveredconditionals="0" methods="1" coveredmethods="0"/>
          <line num="7" count="1" type="stmt"/>
          <line num="9" count="1" type="stmt"/>
          <line num="10" count="0" type="stmt"/>
          <line num="18" count="1" type="stmt"/>
          <line num="22" count="1" type="stmt"/>
        </file>
        <file name="LogoTitleComponentStyle.js" path="/Users/41967/Documents/work/P3NK/mobile/ecrew_mobile/src/components/shared/LogoTitleComponent/LogoTitleComponentStyle.js">
          <metrics statements="0" coveredstatements="0" conditionals="0" coveredconditionals="0" methods="0" coveredmethods="0"/>
        </file>
      </package>
      <package name="src.components.shared.NestedListItemComponent">
        <metrics statements="7" coveredstatements="3" conditionals="0" coveredconditionals="0" methods="5" coveredmethods="0"/>
        <file name="NestedListItemComponent.js" path="/Users/41967/Documents/work/P3NK/mobile/ecrew_mobile/src/components/shared/NestedListItemComponent/NestedListItemComponent.js">
          <metrics statements="7" coveredstatements="3" conditionals="0" coveredconditionals="0" methods="5" coveredmethods="0"/>
          <line num="8" count="1" type="stmt"/>
          <line num="9" count="0" type="stmt"/>
          <line num="13" count="0" type="stmt"/>
          <line num="17" count="0" type="stmt"/>
          <line num="33" count="0" type="stmt"/>
          <line num="38" count="1" type="stmt"/>
          <line num="45" count="1" type="stmt"/>
        </file>
        <file name="NestedListItemComponentStyle.js" path="/Users/41967/Documents/work/P3NK/mobile/ecrew_mobile/src/components/shared/NestedListItemComponent/NestedListItemComponentStyle.js">
          <metrics statements="0" coveredstatements="0" conditionals="0" coveredconditionals="0" methods="0" coveredmethods="0"/>
        </file>
      </package>
      <package name="src.components.shared.OutageInfoComponent">
        <metrics statements="21" coveredstatements="2" conditionals="6" coveredconditionals="0" methods="6" coveredmethods="0"/>
        <file name="OutageInfoComponent.js" path="/Users/41967/Documents/work/P3NK/mobile/ecrew_mobile/src/components/shared/OutageInfoComponent/OutageInfoComponent.js">
          <metrics statements="21" coveredstatements="2" conditionals="6" coveredconditionals="0" methods="6" coveredmethods="0"/>
          <line num="15" count="0" type="stmt"/>
          <line num="17" count="0" type="stmt"/>
          <line num="18" count="0" type="stmt"/>
          <line num="19" count="0" type="stmt"/>
          <line num="23" count="0" type="stmt"/>
          <line num="27" count="0" type="cond" truecount="0" falsecount="2"/>
          <line num="29" count="0" type="stmt"/>
          <line num="38" count="0" type="stmt"/>
          <line num="44" count="0" type="stmt"/>
          <line num="50" count="0" type="stmt"/>
          <line num="51" count="0" type="stmt"/>
          <line num="52" count="0" type="stmt"/>
          <line num="54" count="0" type="stmt"/>
          <line num="60" count="0" type="stmt"/>
          <line num="78" count="0" type="stmt"/>
          <line num="80" count="0" type="cond" truecount="0" falsecount="2"/>
          <line num="82" count="0" type="stmt"/>
          <line num="90" count="0" type="stmt"/>
          <line num="98" count="0" type="stmt"/>
          <line num="115" count="1" type="stmt"/>
          <line num="120" count="1" type="stmt"/>
        </file>
        <file name="OutageInfoComponentStyle.js" path="/Users/41967/Documents/work/P3NK/mobile/ecrew_mobile/src/components/shared/OutageInfoComponent/OutageInfoComponentStyle.js">
          <metrics statements="0" coveredstatements="0" conditionals="0" coveredconditionals="0" methods="0" coveredmethods="0"/>
        </file>
      </package>
      <package name="src.components.shared.SCardItemComponent">
        <metrics statements="4" coveredstatements="3" conditionals="0" coveredconditionals="0" methods="1" coveredmethods="0"/>
        <file name="SCardItemComponent.js" path="/Users/41967/Documents/work/P3NK/mobile/ecrew_mobile/src/components/shared/SCardItemComponent/SCardItemComponent.js">
          <metrics statements="4" coveredstatements="3" conditionals="0" coveredconditionals="0" methods="1" coveredmethods="0"/>
          <line num="7" count="1" type="stmt"/>
          <line num="8" count="0" type="stmt"/>
          <line num="15" count="1" type="stmt"/>
          <line num="26" count="1" type="stmt"/>
        </file>
        <file name="SCardItemComponentStyle.js" path="/Users/41967/Documents/work/P3NK/mobile/ecrew_mobile/src/components/shared/SCardItemComponent/SCardItemComponentStyle.js">
          <metrics statements="0" coveredstatements="0" conditionals="0" coveredconditionals="0" methods="0" coveredmethods="0"/>
        </file>
      </package>
      <package name="src.components.shared.ScrollBarComponent">
        <metrics statements="6" coveredstatements="3" conditionals="0" coveredconditionals="0" methods="3" coveredmethods="0"/>
        <file name="ScrollBarComponent.js" path="/Users/41967/Documents/work/P3NK/mobile/ecrew_mobile/src/components/shared/ScrollBarComponent/ScrollBarComponent.js">
          <metrics statements="6" coveredstatements="3" conditionals="0" coveredconditionals="0" methods="3" coveredmethods="0"/>
          <line num="8" count="1" type="stmt"/>
          <line num="9" count="0" type="stmt"/>
          <line num="13" count="0" type="stmt"/>
          <line num="14" count="0" type="stmt"/>
          <line num="19" count="1" type="stmt"/>
          <line num="27" count="1" type="stmt"/>
        </file>
        <file name="ScrollBarComponentStyle.js" path="/Users/41967/Documents/work/P3NK/mobile/ecrew_mobile/src/components/shared/ScrollBarComponent/ScrollBarComponentStyle.js">
          <metrics statements="0" coveredstatements="0" conditionals="0" coveredconditionals="0" methods="0" coveredmethods="0"/>
        </file>
      </package>
      <package name="src.components.shared.TabBarComponent">
        <metrics statements="14" coveredstatements="2" conditionals="2" coveredconditionals="0" methods="4" coveredmethods="0"/>
        <file name="TabBarComponent.js" path="/Users/41967/Documents/work/P3NK/mobile/ecrew_mobile/src/components/shared/TabBarComponent/TabBarComponent.js">
          <metrics statements="14" coveredstatements="2" conditionals="2" coveredconditionals="0" methods="4" coveredmethods="0"/>
          <line num="11" count="0" type="stmt"/>
          <line num="12" count="0" type="stmt"/>
          <line num="16" count="0" type="stmt"/>
          <line num="17" count="0" type="stmt"/>
          <line num="19" count="0" type="cond" truecount="0" falsecount="2"/>
          <line num="20" count="0" type="stmt"/>
          <line num="21" count="0" type="stmt"/>
          <line num="23" count="0" type="stmt"/>
          <line num="26" count="0" type="stmt"/>
          <line num="31" count="0" type="stmt"/>
          <line num="36" count="0" type="stmt"/>
          <line num="38" count="0" type="stmt"/>
          <line num="46" count="1" type="stmt"/>
          <line num="59" count="1" type="stmt"/>
        </file>
      </package>
      <package name="src.components.shared.TimeRemainingComponent">
        <metrics statements="10" coveredstatements="2" conditionals="2" coveredconditionals="0" methods="4" coveredmethods="0"/>
        <file name="TimeRemainingComponent.js" path="/Users/41967/Documents/work/P3NK/mobile/ecrew_mobile/src/components/shared/TimeRemainingComponent/TimeRemainingComponent.js">
          <metrics statements="10" coveredstatements="2" conditionals="2" coveredconditionals="0" methods="4" coveredmethods="0"/>
          <line num="11" count="0" type="stmt"/>
          <line num="13" count="0" type="stmt"/>
          <line num="18" count="0" type="cond" truecount="0" falsecount="2"/>
          <line num="19" count="0" type="stmt"/>
          <line num="20" count="0" type="stmt"/>
          <line num="31" count="0" type="stmt"/>
          <line num="42" count="0" type="stmt"/>
          <line num="48" count="0" type="stmt"/>
          <line num="56" count="1" type="stmt"/>
          <line num="67" count="1" type="stmt"/>
        </file>
        <file name="TimeRemainingComponentStyle.js" path="/Users/41967/Documents/work/P3NK/mobile/ecrew_mobile/src/components/shared/TimeRemainingComponent/TimeRemainingComponentStyle.js">
          <metrics statements="0" coveredstatements="0" conditionals="0" coveredconditionals="0" methods="0" coveredmethods="0"/>
        </file>
      </package>
    </metrics>
  </project>
</coverage>
