{"/Users/41967/Documents/work/P3NK/mobile/ecrew_mobile/jest/setup.js": {"path":"/Users/41967/Documents/work/P3NK/mobile/ecrew_mobile/jest/setup.js","statementMap":{"0":{"start":{"line":4,"column":0},"end":{"line":4,"column":38}}},"fnMap":{},"branchMap":{},"s":{"0":1},"f":{},"b":{},"_coverageSchema":"332fd63041d2c1bcb487cc26dd0d5f7d97098a6c","hash":"2b08724a7b966385f32982009ba054696a61debf"}
,"/Users/41967/Documents/work/P3NK/mobile/ecrew_mobile/src/CommonStyle.js": {"path":"/Users/41967/Documents/work/P3NK/mobile/ecrew_mobile/src/CommonStyle.js","statementMap":{},"fnMap":{},"branchMap":{},"s":{},"f":{},"b":{},"_coverageSchema":"332fd63041d2c1bcb487cc26dd0d5f7d97098a6c","hash":"530ac8a220031552de9f29335438a9ccd087e28b"}
,"/Users/41967/Documents/work/P3NK/mobile/ecrew_mobile/src/assets/chevronDown.png": {"path":"/Users/41967/Documents/work/P3NK/mobile/ecrew_mobile/src/assets/chevronDown.png","statementMap":{"0":{"start":{"line":1,"column":0},"end":{"line":3,"column":6}}},"fnMap":{},"branchMap":{},"s":{"0":1},"f":{},"b":{},"_coverageSchema":"332fd63041d2c1bcb487cc26dd0d5f7d97098a6c","hash":"377685d50495e5a7341d33a4fdaceda9f60e6936"}
,"/Users/41967/Documents/work/P3NK/mobile/ecrew_mobile/src/assets/chevronRight.png": {"path":"/Users/41967/Documents/work/P3NK/mobile/ecrew_mobile/src/assets/chevronRight.png","statementMap":{"0":{"start":{"line":1,"column":0},"end":{"line":3,"column":6}}},"fnMap":{},"branchMap":{},"s":{"0":1},"f":{},"b":{},"_coverageSchema":"332fd63041d2c1bcb487cc26dd0d5f7d97098a6c","hash":"677123d6f948520e44d4bd33884e765cc5e230b0"}
,"/Users/41967/Documents/work/P3NK/mobile/ecrew_mobile/src/assets/sceLogo.png": {"path":"/Users/41967/Documents/work/P3NK/mobile/ecrew_mobile/src/assets/sceLogo.png","statementMap":{"0":{"start":{"line":1,"column":0},"end":{"line":3,"column":6}}},"fnMap":{},"branchMap":{},"s":{"0":1},"f":{},"b":{},"_coverageSchema":"332fd63041d2c1bcb487cc26dd0d5f7d97098a6c","hash":"b5c636e44c6a7c98ecbac509565b27677865e953"}
,"/Users/41967/Documents/work/P3NK/mobile/ecrew_mobile/src/components/shared/index.js": {"path":"/Users/41967/Documents/work/P3NK/mobile/ecrew_mobile/src/components/shared/index.js","statementMap":{},"fnMap":{},"branchMap":{},"s":{},"f":{},"b":{},"_coverageSchema":"332fd63041d2c1bcb487cc26dd0d5f7d97098a6c","hash":"67c5d93dfb5ac5b2d104b68f33f335c0c3665fd9"}
,"/Users/41967/Documents/work/P3NK/mobile/ecrew_mobile/src/components/shared/ButtonComponent/ButtonComponent.js": {"path":"/Users/41967/Documents/work/P3NK/mobile/ecrew_mobile/src/components/shared/ButtonComponent/ButtonComponent.js","statementMap":{"0":{"start":{"line":7,"column":24},"end":{"line":18,"column":1}},"1":{"start":{"line":13,"column":2},"end":{"line":17,"column":4}},"2":{"start":{"line":14,"column":76},"end":{"line":14,"column":85}},"3":{"start":{"line":20,"column":0},"end":{"line":31,"column":2}},"4":{"start":{"line":33,"column":0},"end":{"line":38,"column":2}}},"fnMap":{"0":{"name":"(anonymous_0)","decl":{"start":{"line":7,"column":24},"end":{"line":7,"column":25}},"loc":{"start":{"line":12,"column":6},"end":{"line":18,"column":1}},"line":12},"1":{"name":"(anonymous_1)","decl":{"start":{"line":14,"column":70},"end":{"line":14,"column":71}},"loc":{"start":{"line":14,"column":76},"end":{"line":14,"column":85}},"line":14}},"branchMap":{},"s":{"0":1,"1":0,"2":0,"3":1,"4":1},"f":{"0":0,"1":0},"b":{},"_coverageSchema":"332fd63041d2c1bcb487cc26dd0d5f7d97098a6c","hash":"268ab9ff9a66a8277ff9636c8a93770254c96f62"}
,"/Users/41967/Documents/work/P3NK/mobile/ecrew_mobile/src/components/shared/ButtonComponent/ButtonComponentStyle.js": {"path":"/Users/41967/Documents/work/P3NK/mobile/ecrew_mobile/src/components/shared/ButtonComponent/ButtonComponentStyle.js","statementMap":{},"fnMap":{},"branchMap":{},"s":{},"f":{},"b":{},"_coverageSchema":"332fd63041d2c1bcb487cc26dd0d5f7d97098a6c","hash":"dbf5cd9d6c7a22117ebc632e64e96205d6a21077"}
,"/Users/41967/Documents/work/P3NK/mobile/ecrew_mobile/src/components/shared/CardItemComponent/CardItemComponent.js": {"path":"/Users/41967/Documents/work/P3NK/mobile/ecrew_mobile/src/components/shared/CardItemComponent/CardItemComponent.js","statementMap":{"0":{"start":{"line":7,"column":26},"end":{"line":18,"column":1}},"1":{"start":{"line":8,"column":2},"end":{"line":17,"column":4}},"2":{"start":{"line":20,"column":0},"end":{"line":22,"column":2}},"3":{"start":{"line":24,"column":0},"end":{"line":26,"column":2}}},"fnMap":{"0":{"name":"(anonymous_0)","decl":{"start":{"line":7,"column":26},"end":{"line":7,"column":27}},"loc":{"start":{"line":7,"column":40},"end":{"line":18,"column":1}},"line":7}},"branchMap":{},"s":{"0":1,"1":4,"2":1,"3":1},"f":{"0":4},"b":{},"_coverageSchema":"332fd63041d2c1bcb487cc26dd0d5f7d97098a6c","hash":"564abf178ae4d81ea15787e4ceceec9a5706783f"}
,"/Users/41967/Documents/work/P3NK/mobile/ecrew_mobile/src/components/shared/CardItemComponent/CardItemComponentStyle.js": {"path":"/Users/41967/Documents/work/P3NK/mobile/ecrew_mobile/src/components/shared/CardItemComponent/CardItemComponentStyle.js","statementMap":{},"fnMap":{},"branchMap":{},"s":{},"f":{},"b":{},"_coverageSchema":"332fd63041d2c1bcb487cc26dd0d5f7d97098a6c","hash":"9f3312bee3d317159b3a0af8ff7eb17068519353"}
,"/Users/41967/Documents/work/P3NK/mobile/ecrew_mobile/src/components/shared/CardListComponent/CardListComponent.js": {"path":"/Users/41967/Documents/work/P3NK/mobile/ecrew_mobile/src/components/shared/CardListComponent/CardListComponent.js","statementMap":{"0":{"start":{"line":8,"column":26},"end":{"line":18,"column":1}},"1":{"start":{"line":9,"column":2},"end":{"line":17,"column":4}},"2":{"start":{"line":12,"column":43},"end":{"line":12,"column":95}},"3":{"start":{"line":20,"column":0},"end":{"line":29,"column":2}},"4":{"start":{"line":31,"column":0},"end":{"line":34,"column":2}}},"fnMap":{"0":{"name":"(anonymous_0)","decl":{"start":{"line":8,"column":26},"end":{"line":8,"column":27}},"loc":{"start":{"line":8,"column":67},"end":{"line":18,"column":1}},"line":8},"1":{"name":"(anonymous_1)","decl":{"start":{"line":12,"column":26},"end":{"line":12,"column":27}},"loc":{"start":{"line":12,"column":43},"end":{"line":12,"column":95}},"line":12}},"branchMap":{"0":{"loc":{"start":{"line":11,"column":8},"end":{"line":14,"column":74}},"type":"cond-expr","locations":[{"start":{"line":12,"column":8},"end":{"line":12,"column":96}},{"start":{"line":14,"column":8},"end":{"line":14,"column":74}}],"line":11}},"s":{"0":1,"1":0,"2":0,"3":1,"4":1},"f":{"0":0,"1":0},"b":{"0":[0,0]},"_coverageSchema":"332fd63041d2c1bcb487cc26dd0d5f7d97098a6c","hash":"1a659e9ed27f3b9af0d02bebec7ed668bb7f4265"}
,"/Users/41967/Documents/work/P3NK/mobile/ecrew_mobile/src/components/shared/CardListComponent/CardListComponentStyle.js": {"path":"/Users/41967/Documents/work/P3NK/mobile/ecrew_mobile/src/components/shared/CardListComponent/CardListComponentStyle.js","statementMap":{},"fnMap":{},"branchMap":{},"s":{},"f":{},"b":{},"_coverageSchema":"332fd63041d2c1bcb487cc26dd0d5f7d97098a6c","hash":"133ad57726507eef6de3e91ca542fd4e9872d808"}
,"/Users/41967/Documents/work/P3NK/mobile/ecrew_mobile/src/components/shared/ContinueButtonComponent/ContinueButtonComponent.js": {"path":"/Users/41967/Documents/work/P3NK/mobile/ecrew_mobile/src/components/shared/ContinueButtonComponent/ContinueButtonComponent.js","statementMap":{"0":{"start":{"line":8,"column":38},"end":{"line":8,"column":48}},"1":{"start":{"line":9,"column":31},"end":{"line":9,"column":63}},"2":{"start":{"line":10,"column":27},"end":{"line":15,"column":28}},"3":{"start":{"line":14,"column":43},"end":{"line":14,"column":66}},"4":{"start":{"line":17,"column":4},"end":{"line":19,"column":6}},"5":{"start":{"line":23,"column":0},"end":{"line":29,"column":2}},"6":{"start":{"line":31,"column":0},"end":{"line":33,"column":2}}},"fnMap":{"0":{"name":"(anonymous_0)","decl":{"start":{"line":7,"column":2},"end":{"line":7,"column":3}},"loc":{"start":{"line":7,"column":11},"end":{"line":20,"column":3}},"line":7},"1":{"name":"(anonymous_1)","decl":{"start":{"line":14,"column":37},"end":{"line":14,"column":38}},"loc":{"start":{"line":14,"column":43},"end":{"line":14,"column":66}},"line":14}},"branchMap":{"0":{"loc":{"start":{"line":9,"column":31},"end":{"line":9,"column":63}},"type":"binary-expr","locations":[{"start":{"line":9,"column":31},"end":{"line":9,"column":49}},{"start":{"line":9,"column":53},"end":{"line":9,"column":63}}],"line":9}},"s":{"0":0,"1":0,"2":0,"3":0,"4":0,"5":1,"6":1},"f":{"0":0,"1":0},"b":{"0":[0,0]},"_coverageSchema":"332fd63041d2c1bcb487cc26dd0d5f7d97098a6c","hash":"eaeebcc000caaa21fb77c3867faa52752c107f56"}
,"/Users/41967/Documents/work/P3NK/mobile/ecrew_mobile/src/components/shared/ContinueButtonComponent/ContinueButtonComponentStyle.js": {"path":"/Users/41967/Documents/work/P3NK/mobile/ecrew_mobile/src/components/shared/ContinueButtonComponent/ContinueButtonComponentStyle.js","statementMap":{},"fnMap":{},"branchMap":{},"s":{},"f":{},"b":{},"_coverageSchema":"332fd63041d2c1bcb487cc26dd0d5f7d97098a6c","hash":"5ea521b9f4e76d46fe893b1bf9ba0a1a3368199d"}
,"/Users/41967/Documents/work/P3NK/mobile/ecrew_mobile/src/components/shared/DateTimePickerComponent/DateTimePickerComponent.js": {"path":"/Users/41967/Documents/work/P3NK/mobile/ecrew_mobile/src/components/shared/DateTimePickerComponent/DateTimePickerComponent.js","statementMap":{"0":{"start":{"line":18,"column":4},"end":{"line":18,"column":17}},"1":{"start":{"line":20,"column":4},"end":{"line":20,"column":59}},"2":{"start":{"line":21,"column":4},"end":{"line":21,"column":59}},"3":{"start":{"line":25,"column":4},"end":{"line":27,"column":6}},"4":{"start":{"line":31,"column":4},"end":{"line":31,"column":70}},"5":{"start":{"line":44,"column":8},"end":{"line":44,"column":18}},"6":{"start":{"line":46,"column":24},"end":{"line":46,"column":90}},"7":{"start":{"line":48,"column":4},"end":{"line":64,"column":6}},"8":{"start":{"line":68,"column":0},"end":{"line":77,"column":2}},"9":{"start":{"line":79,"column":0},"end":{"line":88,"column":2}}},"fnMap":{"0":{"name":"(anonymous_0)","decl":{"start":{"line":17,"column":2},"end":{"line":17,"column":3}},"loc":{"start":{"line":17,"column":21},"end":{"line":22,"column":3}},"line":17},"1":{"name":"(anonymous_1)","decl":{"start":{"line":24,"column":2},"end":{"line":24,"column":3}},"loc":{"start":{"line":24,"column":34},"end":{"line":28,"column":3}},"line":24},"2":{"name":"(anonymous_2)","decl":{"start":{"line":30,"column":2},"end":{"line":30,"column":3}},"loc":{"start":{"line":30,"column":24},"end":{"line":32,"column":3}},"line":30},"3":{"name":"(anonymous_3)","decl":{"start":{"line":35,"column":2},"end":{"line":35,"column":3}},"loc":{"start":{"line":35,"column":11},"end":{"line":65,"column":3}},"line":35}},"branchMap":{"0":{"loc":{"start":{"line":46,"column":24},"end":{"line":46,"column":90}},"type":"cond-expr","locations":[{"start":{"line":46,"column":45},"end":{"line":46,"column":77}},{"start":{"line":46,"column":80},"end":{"line":46,"column":90}}],"line":46}},"s":{"0":0,"1":0,"2":0,"3":0,"4":0,"5":0,"6":0,"7":0,"8":1,"9":1},"f":{"0":0,"1":0,"2":0,"3":0},"b":{"0":[0,0]},"_coverageSchema":"332fd63041d2c1bcb487cc26dd0d5f7d97098a6c","hash":"fa0d37ea026dbd0fc096310b894263ddb297bc2f"}
,"/Users/41967/Documents/work/P3NK/mobile/ecrew_mobile/src/components/shared/DateTimePickerComponent/DateTimePickerComponentStyle.js": {"path":"/Users/41967/Documents/work/P3NK/mobile/ecrew_mobile/src/components/shared/DateTimePickerComponent/DateTimePickerComponentStyle.js","statementMap":{},"fnMap":{},"branchMap":{},"s":{},"f":{},"b":{},"_coverageSchema":"332fd63041d2c1bcb487cc26dd0d5f7d97098a6c","hash":"c7587812bd07ac1161ed678824dfb413163ebb88"}
,"/Users/41967/Documents/work/P3NK/mobile/ecrew_mobile/src/components/shared/DropdownComponent/DropdownComponent.js": {"path":"/Users/41967/Documents/work/P3NK/mobile/ecrew_mobile/src/components/shared/DropdownComponent/DropdownComponent.js","statementMap":{"0":{"start":{"line":12,"column":4},"end":{"line":12,"column":17}},"1":{"start":{"line":13,"column":4},"end":{"line":18,"column":6}},"2":{"start":{"line":19,"column":4},"end":{"line":19,"column":49}},"3":{"start":{"line":20,"column":4},"end":{"line":20,"column":69}},"4":{"start":{"line":24,"column":22},"end":{"line":24,"column":45}},"5":{"start":{"line":25,"column":4},"end":{"line":27,"column":7}},"6":{"start":{"line":31,"column":4},"end":{"line":37,"column":5}},"7":{"start":{"line":32,"column":6},"end":{"line":35,"column":9}},"8":{"start":{"line":36,"column":6},"end":{"line":36,"column":34}},"9":{"start":{"line":41,"column":23},"end":{"line":41,"column":110}},"10":{"start":{"line":43,"column":4},"end":{"line":62,"column":6}},"11":{"start":{"line":68,"column":0},"end":{"line":86,"column":2}},"12":{"start":{"line":88,"column":0},"end":{"line":96,"column":2}}},"fnMap":{"0":{"name":"(anonymous_0)","decl":{"start":{"line":11,"column":2},"end":{"line":11,"column":3}},"loc":{"start":{"line":11,"column":21},"end":{"line":21,"column":3}},"line":11},"1":{"name":"(anonymous_1)","decl":{"start":{"line":23,"column":2},"end":{"line":23,"column":3}},"loc":{"start":{"line":23,"column":15},"end":{"line":28,"column":3}},"line":23},"2":{"name":"(anonymous_2)","decl":{"start":{"line":30,"column":2},"end":{"line":30,"column":3}},"loc":{"start":{"line":30,"column":31},"end":{"line":38,"column":3}},"line":30},"3":{"name":"(anonymous_3)","decl":{"start":{"line":40,"column":2},"end":{"line":40,"column":3}},"loc":{"start":{"line":40,"column":11},"end":{"line":63,"column":3}},"line":40}},"branchMap":{"0":{"loc":{"start":{"line":15,"column":22},"end":{"line":15,"column":50}},"type":"binary-expr","locations":[{"start":{"line":15,"column":22},"end":{"line":15,"column":42}},{"start":{"line":15,"column":46},"end":{"line":15,"column":50}}],"line":15},"1":{"loc":{"start":{"line":31,"column":4},"end":{"line":37,"column":5}},"type":"if","locations":[{"start":{"line":31,"column":4},"end":{"line":37,"column":5}},{"start":{"line":31,"column":4},"end":{"line":37,"column":5}}],"line":31},"2":{"loc":{"start":{"line":31,"column":8},"end":{"line":31,"column":94}},"type":"binary-expr","locations":[{"start":{"line":31,"column":8},"end":{"line":31,"column":42}},{"start":{"line":31,"column":46},"end":{"line":31,"column":71}},{"start":{"line":31,"column":75},"end":{"line":31,"column":94}}],"line":31},"3":{"loc":{"start":{"line":55,"column":12},"end":{"line":58,"column":25}},"type":"binary-expr","locations":[{"start":{"line":55,"column":12},"end":{"line":55,"column":35}},{"start":{"line":56,"column":12},"end":{"line":58,"column":25}}],"line":55}},"s":{"0":0,"1":0,"2":0,"3":0,"4":0,"5":0,"6":0,"7":0,"8":0,"9":0,"10":0,"11":1,"12":1},"f":{"0":0,"1":0,"2":0,"3":0},"b":{"0":[0,0],"1":[0,0],"2":[0,0,0],"3":[0,0]},"_coverageSchema":"332fd63041d2c1bcb487cc26dd0d5f7d97098a6c","hash":"6b0698a3001c6d9dbbf9d5900bacb91957e99762"}
,"/Users/41967/Documents/work/P3NK/mobile/ecrew_mobile/src/components/shared/DropdownComponent/DropdownComponentHelpers.js": {"path":"/Users/41967/Documents/work/P3NK/mobile/ecrew_mobile/src/components/shared/DropdownComponent/DropdownComponentHelpers.js","statementMap":{"0":{"start":{"line":6,"column":4},"end":{"line":25,"column":7}},"1":{"start":{"line":8,"column":23},"end":{"line":8,"column":54}},"2":{"start":{"line":9,"column":21},"end":{"line":9,"column":60}},"3":{"start":{"line":10,"column":26},"end":{"line":10,"column":58}},"4":{"start":{"line":11,"column":25},"end":{"line":11,"column":87}},"5":{"start":{"line":12,"column":6},"end":{"line":15,"column":7}},"6":{"start":{"line":14,"column":8},"end":{"line":14,"column":64}},"7":{"start":{"line":14,"column":36},"end":{"line":14,"column":64}},"8":{"start":{"line":16,"column":6},"end":{"line":24,"column":8}},"9":{"start":{"line":20,"column":25},"end":{"line":20,"column":52}}},"fnMap":{"0":{"name":"(anonymous_0)","decl":{"start":{"line":5,"column":2},"end":{"line":5,"column":3}},"loc":{"start":{"line":5,"column":60},"end":{"line":26,"column":3}},"line":5},"1":{"name":"(anonymous_1)","decl":{"start":{"line":6,"column":23},"end":{"line":6,"column":24}},"loc":{"start":{"line":6,"column":40},"end":{"line":25,"column":5}},"line":6},"2":{"name":"(anonymous_2)","decl":{"start":{"line":20,"column":19},"end":{"line":20,"column":20}},"loc":{"start":{"line":20,"column":25},"end":{"line":20,"column":52}},"line":20}},"branchMap":{"0":{"loc":{"start":{"line":9,"column":21},"end":{"line":9,"column":60}},"type":"cond-expr","locations":[{"start":{"line":9,"column":44},"end":{"line":9,"column":55}},{"start":{"line":9,"column":58},"end":{"line":9,"column":60}}],"line":9},"1":{"loc":{"start":{"line":10,"column":26},"end":{"line":10,"column":58}},"type":"cond-expr","locations":[{"start":{"line":10,"column":37},"end":{"line":10,"column":49}},{"start":{"line":10,"column":52},"end":{"line":10,"column":58}}],"line":10},"2":{"loc":{"start":{"line":11,"column":25},"end":{"line":11,"column":87}},"type":"cond-expr","locations":[{"start":{"line":11,"column":59},"end":{"line":11,"column":78}},{"start":{"line":11,"column":81},"end":{"line":11,"column":87}}],"line":11},"3":{"loc":{"start":{"line":11,"column":25},"end":{"line":11,"column":56}},"type":"binary-expr","locations":[{"start":{"line":11,"column":25},"end":{"line":11,"column":33}},{"start":{"line":11,"column":37},"end":{"line":11,"column":56}}],"line":11},"4":{"loc":{"start":{"line":12,"column":6},"end":{"line":15,"column":7}},"type":"if","locations":[{"start":{"line":12,"column":6},"end":{"line":15,"column":7}},{"start":{"line":12,"column":6},"end":{"line":15,"column":7}}],"line":12},"5":{"loc":{"start":{"line":14,"column":8},"end":{"line":14,"column":64}},"type":"if","locations":[{"start":{"line":14,"column":8},"end":{"line":14,"column":64}},{"start":{"line":14,"column":8},"end":{"line":14,"column":64}}],"line":14},"6":{"loc":{"start":{"line":14,"column":12},"end":{"line":14,"column":34}},"type":"binary-expr","locations":[{"start":{"line":14,"column":12},"end":{"line":14,"column":18}},{"start":{"line":14,"column":22},"end":{"line":14,"column":34}}],"line":14}},"s":{"0":0,"1":0,"2":0,"3":0,"4":0,"5":0,"6":0,"7":0,"8":0,"9":0},"f":{"0":0,"1":0,"2":0},"b":{"0":[0,0],"1":[0,0],"2":[0,0],"3":[0,0],"4":[0,0],"5":[0,0],"6":[0,0]},"_coverageSchema":"332fd63041d2c1bcb487cc26dd0d5f7d97098a6c","hash":"7e11c06363df7a6e97706505a8304797abd70fb0"}
,"/Users/41967/Documents/work/P3NK/mobile/ecrew_mobile/src/components/shared/DropdownComponent/DropdownComponentStyle.js": {"path":"/Users/41967/Documents/work/P3NK/mobile/ecrew_mobile/src/components/shared/DropdownComponent/DropdownComponentStyle.js","statementMap":{},"fnMap":{},"branchMap":{},"s":{},"f":{},"b":{},"_coverageSchema":"332fd63041d2c1bcb487cc26dd0d5f7d97098a6c","hash":"3bdf7e4db274a58fb74afedce92d5b73e6e8d965"}
,"/Users/41967/Documents/work/P3NK/mobile/ecrew_mobile/src/components/shared/HandOffButtonComponent/HandOffButtonComponent.js": {"path":"/Users/41967/Documents/work/P3NK/mobile/ecrew_mobile/src/components/shared/HandOffButtonComponent/HandOffButtonComponent.js","statementMap":{"0":{"start":{"line":5,"column":31},"end":{"line":11,"column":1}},"1":{"start":{"line":6,"column":2},"end":{"line":10,"column":4}},"2":{"start":{"line":7,"column":54},"end":{"line":7,"column":63}},"3":{"start":{"line":13,"column":0},"end":{"line":20,"column":2}},"4":{"start":{"line":22,"column":0},"end":{"line":26,"column":2}}},"fnMap":{"0":{"name":"(anonymous_0)","decl":{"start":{"line":5,"column":31},"end":{"line":5,"column":32}},"loc":{"start":{"line":5,"column":67},"end":{"line":11,"column":1}},"line":5},"1":{"name":"(anonymous_1)","decl":{"start":{"line":7,"column":48},"end":{"line":7,"column":49}},"loc":{"start":{"line":7,"column":54},"end":{"line":7,"column":63}},"line":7}},"branchMap":{},"s":{"0":1,"1":0,"2":0,"3":1,"4":1},"f":{"0":0,"1":0},"b":{},"_coverageSchema":"332fd63041d2c1bcb487cc26dd0d5f7d97098a6c","hash":"5c941584694ec0d1ccea9a0578b73d942fccc008"}
,"/Users/41967/Documents/work/P3NK/mobile/ecrew_mobile/src/components/shared/ListComponent/ListComponent.js": {"path":"/Users/41967/Documents/work/P3NK/mobile/ecrew_mobile/src/components/shared/ListComponent/ListComponent.js","statementMap":{"0":{"start":{"line":8,"column":22},"end":{"line":14,"column":1}},"1":{"start":{"line":9,"column":2},"end":{"line":13,"column":4}},"2":{"start":{"line":11,"column":38},"end":{"line":11,"column":90}},"3":{"start":{"line":16,"column":0},"end":{"line":18,"column":2}},"4":{"start":{"line":20,"column":0},"end":{"line":22,"column":2}}},"fnMap":{"0":{"name":"(anonymous_0)","decl":{"start":{"line":8,"column":22},"end":{"line":8,"column":23}},"loc":{"start":{"line":8,"column":41},"end":{"line":14,"column":1}},"line":8},"1":{"name":"(anonymous_1)","decl":{"start":{"line":11,"column":21},"end":{"line":11,"column":22}},"loc":{"start":{"line":11,"column":38},"end":{"line":11,"column":90}},"line":11}},"branchMap":{},"s":{"0":1,"1":0,"2":0,"3":1,"4":1},"f":{"0":0,"1":0},"b":{},"_coverageSchema":"332fd63041d2c1bcb487cc26dd0d5f7d97098a6c","hash":"e9ece6b84b474a7314fc099356200153835c7ef8"}
,"/Users/41967/Documents/work/P3NK/mobile/ecrew_mobile/src/components/shared/ListComponent/ListComponentStyle.js": {"path":"/Users/41967/Documents/work/P3NK/mobile/ecrew_mobile/src/components/shared/ListComponent/ListComponentStyle.js","statementMap":{},"fnMap":{},"branchMap":{},"s":{},"f":{},"b":{},"_coverageSchema":"332fd63041d2c1bcb487cc26dd0d5f7d97098a6c","hash":"1f36fb66a1a25383e19b63409c8c4b4f4c03e075"}
,"/Users/41967/Documents/work/P3NK/mobile/ecrew_mobile/src/components/shared/ListItemComponent/ListItemComponent.js": {"path":"/Users/41967/Documents/work/P3NK/mobile/ecrew_mobile/src/components/shared/ListItemComponent/ListItemComponent.js","statementMap":{"0":{"start":{"line":7,"column":26},"end":{"line":15,"column":1}},"1":{"start":{"line":8,"column":2},"end":{"line":14,"column":4}},"2":{"start":{"line":9,"column":83},"end":{"line":9,"column":97}},"3":{"start":{"line":17,"column":0},"end":{"line":19,"column":2}},"4":{"start":{"line":21,"column":0},"end":{"line":23,"column":2}}},"fnMap":{"0":{"name":"(anonymous_0)","decl":{"start":{"line":7,"column":26},"end":{"line":7,"column":27}},"loc":{"start":{"line":7,"column":40},"end":{"line":15,"column":1}},"line":7},"1":{"name":"(anonymous_1)","decl":{"start":{"line":9,"column":77},"end":{"line":9,"column":78}},"loc":{"start":{"line":9,"column":83},"end":{"line":9,"column":97}},"line":9}},"branchMap":{},"s":{"0":1,"1":0,"2":0,"3":1,"4":1},"f":{"0":0,"1":0},"b":{},"_coverageSchema":"332fd63041d2c1bcb487cc26dd0d5f7d97098a6c","hash":"dc1a196322a7cf44c9d9d27a28ca6855080e4dad"}
,"/Users/41967/Documents/work/P3NK/mobile/ecrew_mobile/src/components/shared/ListItemComponent/ListItemComponentStyle.js": {"path":"/Users/41967/Documents/work/P3NK/mobile/ecrew_mobile/src/components/shared/ListItemComponent/ListItemComponentStyle.js","statementMap":{},"fnMap":{},"branchMap":{},"s":{},"f":{},"b":{},"_coverageSchema":"332fd63041d2c1bcb487cc26dd0d5f7d97098a6c","hash":"30dc1c769f3e244f79ed92e81beaf629d19eccfa"}
,"/Users/41967/Documents/work/P3NK/mobile/ecrew_mobile/src/components/shared/LogoTitleComponent/LogoTitleComponent.js": {"path":"/Users/41967/Documents/work/P3NK/mobile/ecrew_mobile/src/components/shared/LogoTitleComponent/LogoTitleComponent.js","statementMap":{"0":{"start":{"line":7,"column":18},"end":{"line":7,"column":56}},"1":{"start":{"line":9,"column":27},"end":{"line":16,"column":1}},"2":{"start":{"line":10,"column":2},"end":{"line":15,"column":4}},"3":{"start":{"line":18,"column":0},"end":{"line":20,"column":2}},"4":{"start":{"line":22,"column":0},"end":{"line":24,"column":2}}},"fnMap":{"0":{"name":"(anonymous_0)","decl":{"start":{"line":9,"column":27},"end":{"line":9,"column":28}},"loc":{"start":{"line":9,"column":45},"end":{"line":16,"column":1}},"line":9}},"branchMap":{},"s":{"0":1,"1":1,"2":0,"3":1,"4":1},"f":{"0":0},"b":{},"_coverageSchema":"332fd63041d2c1bcb487cc26dd0d5f7d97098a6c","hash":"556e42bc934d4a075ec35281083712612cf7c704"}
,"/Users/41967/Documents/work/P3NK/mobile/ecrew_mobile/src/components/shared/LogoTitleComponent/LogoTitleComponentStyle.js": {"path":"/Users/41967/Documents/work/P3NK/mobile/ecrew_mobile/src/components/shared/LogoTitleComponent/LogoTitleComponentStyle.js","statementMap":{},"fnMap":{},"branchMap":{},"s":{},"f":{},"b":{},"_coverageSchema":"332fd63041d2c1bcb487cc26dd0d5f7d97098a6c","hash":"1bae1f999255985751821faf36ca66b667e48c9a"}
,"/Users/41967/Documents/work/P3NK/mobile/ecrew_mobile/src/components/shared/NestedListItemComponent/NestedListItemComponent.js": {"path":"/Users/41967/Documents/work/P3NK/mobile/ecrew_mobile/src/components/shared/NestedListItemComponent/NestedListItemComponent.js","statementMap":{"0":{"start":{"line":8,"column":32},"end":{"line":36,"column":1}},"1":{"start":{"line":9,"column":2},"end":{"line":35,"column":4}},"2":{"start":{"line":13,"column":10},"end":{"line":31,"column":29}},"3":{"start":{"line":13,"column":115},"end":{"line":13,"column":129}},"4":{"start":{"line":17,"column":16},"end":{"line":26,"column":18}},"5":{"start":{"line":33,"column":28},"end":{"line":33,"column":52}},"6":{"start":{"line":38,"column":0},"end":{"line":43,"column":2}},"7":{"start":{"line":45,"column":0},"end":{"line":47,"column":2}}},"fnMap":{"0":{"name":"(anonymous_0)","decl":{"start":{"line":8,"column":32},"end":{"line":8,"column":33}},"loc":{"start":{"line":8,"column":52},"end":{"line":36,"column":1}},"line":8},"1":{"name":"(anonymous_1)","decl":{"start":{"line":12,"column":20},"end":{"line":12,"column":21}},"loc":{"start":{"line":13,"column":10},"end":{"line":31,"column":29}},"line":13},"2":{"name":"(anonymous_2)","decl":{"start":{"line":13,"column":109},"end":{"line":13,"column":110}},"loc":{"start":{"line":13,"column":115},"end":{"line":13,"column":129}},"line":13},"3":{"name":"(anonymous_3)","decl":{"start":{"line":16,"column":41},"end":{"line":16,"column":42}},"loc":{"start":{"line":16,"column":53},"end":{"line":27,"column":15}},"line":16},"4":{"name":"(anonymous_4)","decl":{"start":{"line":33,"column":22},"end":{"line":33,"column":23}},"loc":{"start":{"line":33,"column":28},"end":{"line":33,"column":52}},"line":33}},"branchMap":{},"s":{"0":1,"1":0,"2":0,"3":0,"4":0,"5":0,"6":1,"7":1},"f":{"0":0,"1":0,"2":0,"3":0,"4":0},"b":{},"_coverageSchema":"332fd63041d2c1bcb487cc26dd0d5f7d97098a6c","hash":"db6ade51db684d27c60b05d377798451ba3ffe38"}
,"/Users/41967/Documents/work/P3NK/mobile/ecrew_mobile/src/components/shared/NestedListItemComponent/NestedListItemComponentStyle.js": {"path":"/Users/41967/Documents/work/P3NK/mobile/ecrew_mobile/src/components/shared/NestedListItemComponent/NestedListItemComponentStyle.js","statementMap":{},"fnMap":{},"branchMap":{},"s":{},"f":{},"b":{},"_coverageSchema":"332fd63041d2c1bcb487cc26dd0d5f7d97098a6c","hash":"b46052ddcbd067308219674d5769da4dbb6dcd53"}
,"/Users/41967/Documents/work/P3NK/mobile/ecrew_mobile/src/components/shared/OutageInfoComponent/OutageInfoComponent.js": {"path":"/Users/41967/Documents/work/P3NK/mobile/ecrew_mobile/src/components/shared/OutageInfoComponent/OutageInfoComponent.js","statementMap":{"0":{"start":{"line":15,"column":4},"end":{"line":15,"column":17}},"1":{"start":{"line":17,"column":4},"end":{"line":17,"column":73}},"2":{"start":{"line":18,"column":4},"end":{"line":18,"column":67}},"3":{"start":{"line":19,"column":4},"end":{"line":19,"column":71}},"4":{"start":{"line":23,"column":23},"end":{"line":26,"column":5}},"5":{"start":{"line":27,"column":23},"end":{"line":27,"column":87}},"6":{"start":{"line":29,"column":4},"end":{"line":34,"column":6}},"7":{"start":{"line":38,"column":17},"end":{"line":43,"column":5}},"8":{"start":{"line":44,"column":4},"end":{"line":46,"column":6}},"9":{"start":{"line":50,"column":22},"end":{"line":59,"column":6}},"10":{"start":{"line":51,"column":21},"end":{"line":51,"column":40}},"11":{"start":{"line":52,"column":21},"end":{"line":52,"column":42}},"12":{"start":{"line":54,"column":6},"end":{"line":58,"column":9}},"13":{"start":{"line":60,"column":4},"end":{"line":62,"column":6}},"14":{"start":{"line":78,"column":8},"end":{"line":78,"column":25}},"15":{"start":{"line":80,"column":24},"end":{"line":80,"column":116}},"16":{"start":{"line":82,"column":21},"end":{"line":88,"column":5}},"17":{"start":{"line":90,"column":22},"end":{"line":96,"column":5}},"18":{"start":{"line":98,"column":4},"end":{"line":111,"column":6}},"19":{"start":{"line":115,"column":0},"end":{"line":118,"column":2}},"20":{"start":{"line":120,"column":0},"end":{"line":123,"column":2}}},"fnMap":{"0":{"name":"(anonymous_0)","decl":{"start":{"line":14,"column":2},"end":{"line":14,"column":3}},"loc":{"start":{"line":14,"column":21},"end":{"line":20,"column":3}},"line":14},"1":{"name":"(anonymous_1)","decl":{"start":{"line":22,"column":2},"end":{"line":22,"column":3}},"loc":{"start":{"line":22,"column":74},"end":{"line":35,"column":3}},"line":22},"2":{"name":"(anonymous_2)","decl":{"start":{"line":37,"column":2},"end":{"line":37,"column":3}},"loc":{"start":{"line":37,"column":34},"end":{"line":47,"column":3}},"line":37},"3":{"name":"(anonymous_3)","decl":{"start":{"line":49,"column":2},"end":{"line":49,"column":3}},"loc":{"start":{"line":49,"column":30},"end":{"line":63,"column":3}},"line":49},"4":{"name":"(anonymous_4)","decl":{"start":{"line":50,"column":31},"end":{"line":50,"column":32}},"loc":{"start":{"line":50,"column":40},"end":{"line":59,"column":5}},"line":50},"5":{"name":"(anonymous_5)","decl":{"start":{"line":65,"column":2},"end":{"line":65,"column":3}},"loc":{"start":{"line":65,"column":11},"end":{"line":112,"column":3}},"line":65}},"branchMap":{"0":{"loc":{"start":{"line":22,"column":25},"end":{"line":22,"column":48}},"type":"default-arg","locations":[{"start":{"line":22,"column":32},"end":{"line":22,"column":48}}],"line":22},"1":{"loc":{"start":{"line":22,"column":61},"end":{"line":22,"column":72}},"type":"default-arg","locations":[{"start":{"line":22,"column":70},"end":{"line":22,"column":72}}],"line":22},"2":{"loc":{"start":{"line":27,"column":23},"end":{"line":27,"column":87}},"type":"cond-expr","locations":[{"start":{"line":27,"column":51},"end":{"line":27,"column":67}},{"start":{"line":27,"column":70},"end":{"line":27,"column":87}}],"line":27},"3":{"loc":{"start":{"line":80,"column":24},"end":{"line":80,"column":116}},"type":"cond-expr","locations":[{"start":{"line":80,"column":60},"end":{"line":80,"column":86}},{"start":{"line":80,"column":89},"end":{"line":80,"column":116}}],"line":80}},"s":{"0":0,"1":0,"2":0,"3":0,"4":0,"5":0,"6":0,"7":0,"8":0,"9":0,"10":0,"11":0,"12":0,"13":0,"14":0,"15":0,"16":0,"17":0,"18":0,"19":1,"20":1},"f":{"0":0,"1":0,"2":0,"3":0,"4":0,"5":0},"b":{"0":[0],"1":[0],"2":[0,0],"3":[0,0]},"_coverageSchema":"332fd63041d2c1bcb487cc26dd0d5f7d97098a6c","hash":"1adafffc2134843e9759e995eeafe00018cbf326"}
,"/Users/41967/Documents/work/P3NK/mobile/ecrew_mobile/src/components/shared/OutageInfoComponent/OutageInfoComponentStyle.js": {"path":"/Users/41967/Documents/work/P3NK/mobile/ecrew_mobile/src/components/shared/OutageInfoComponent/OutageInfoComponentStyle.js","statementMap":{},"fnMap":{},"branchMap":{},"s":{},"f":{},"b":{},"_coverageSchema":"332fd63041d2c1bcb487cc26dd0d5f7d97098a6c","hash":"05a8d03a93499491ac6a4790642020167de82ec2"}
,"/Users/41967/Documents/work/P3NK/mobile/ecrew_mobile/src/components/shared/SCardItemComponent/SCardItemComponent.js": {"path":"/Users/41967/Documents/work/P3NK/mobile/ecrew_mobile/src/components/shared/SCardItemComponent/SCardItemComponent.js","statementMap":{"0":{"start":{"line":7,"column":27},"end":{"line":13,"column":1}},"1":{"start":{"line":8,"column":2},"end":{"line":12,"column":4}},"2":{"start":{"line":15,"column":0},"end":{"line":24,"column":2}},"3":{"start":{"line":26,"column":0},"end":{"line":29,"column":2}}},"fnMap":{"0":{"name":"(anonymous_0)","decl":{"start":{"line":7,"column":27},"end":{"line":7,"column":28}},"loc":{"start":{"line":7,"column":54},"end":{"line":13,"column":1}},"line":7}},"branchMap":{},"s":{"0":1,"1":0,"2":1,"3":1},"f":{"0":0},"b":{},"_coverageSchema":"332fd63041d2c1bcb487cc26dd0d5f7d97098a6c","hash":"7063ee354a8d7578b900d01d41107fc8f59f68a0"}
,"/Users/41967/Documents/work/P3NK/mobile/ecrew_mobile/src/components/shared/SCardItemComponent/SCardItemComponentStyle.js": {"path":"/Users/41967/Documents/work/P3NK/mobile/ecrew_mobile/src/components/shared/SCardItemComponent/SCardItemComponentStyle.js","statementMap":{},"fnMap":{},"branchMap":{},"s":{},"f":{},"b":{},"_coverageSchema":"332fd63041d2c1bcb487cc26dd0d5f7d97098a6c","hash":"168dcd19b950d6234b3cebe2b53679ca9051ea15"}
,"/Users/41967/Documents/work/P3NK/mobile/ecrew_mobile/src/components/shared/ScrollBarComponent/ScrollBarComponent.js": {"path":"/Users/41967/Documents/work/P3NK/mobile/ecrew_mobile/src/components/shared/ScrollBarComponent/ScrollBarComponent.js","statementMap":{"0":{"start":{"line":8,"column":27},"end":{"line":17,"column":1}},"1":{"start":{"line":9,"column":2},"end":{"line":16,"column":4}},"2":{"start":{"line":13,"column":39},"end":{"line":13,"column":91}},"3":{"start":{"line":14,"column":26},"end":{"line":14,"column":50}},"4":{"start":{"line":19,"column":0},"end":{"line":25,"column":2}},"5":{"start":{"line":27,"column":0},"end":{"line":30,"column":2}}},"fnMap":{"0":{"name":"(anonymous_0)","decl":{"start":{"line":8,"column":27},"end":{"line":8,"column":28}},"loc":{"start":{"line":8,"column":51},"end":{"line":17,"column":1}},"line":8},"1":{"name":"(anonymous_1)","decl":{"start":{"line":13,"column":18},"end":{"line":13,"column":19}},"loc":{"start":{"line":13,"column":39},"end":{"line":13,"column":91}},"line":13},"2":{"name":"(anonymous_2)","decl":{"start":{"line":14,"column":20},"end":{"line":14,"column":21}},"loc":{"start":{"line":14,"column":26},"end":{"line":14,"column":50}},"line":14}},"branchMap":{},"s":{"0":1,"1":0,"2":0,"3":0,"4":1,"5":1},"f":{"0":0,"1":0,"2":0},"b":{},"_coverageSchema":"332fd63041d2c1bcb487cc26dd0d5f7d97098a6c","hash":"f3dcee0804275c1fe3c47c38c5181c37b494f14c"}
,"/Users/41967/Documents/work/P3NK/mobile/ecrew_mobile/src/components/shared/ScrollBarComponent/ScrollBarComponentStyle.js": {"path":"/Users/41967/Documents/work/P3NK/mobile/ecrew_mobile/src/components/shared/ScrollBarComponent/ScrollBarComponentStyle.js","statementMap":{},"fnMap":{},"branchMap":{},"s":{},"f":{},"b":{},"_coverageSchema":"332fd63041d2c1bcb487cc26dd0d5f7d97098a6c","hash":"75bf77f208c3699e396f7f32925746d162421686"}
,"/Users/41967/Documents/work/P3NK/mobile/ecrew_mobile/src/components/shared/TabBarComponent/TabBarComponent.js": {"path":"/Users/41967/Documents/work/P3NK/mobile/ecrew_mobile/src/components/shared/TabBarComponent/TabBarComponent.js","statementMap":{"0":{"start":{"line":11,"column":4},"end":{"line":11,"column":17}},"1":{"start":{"line":12,"column":4},"end":{"line":12,"column":59}},"2":{"start":{"line":16,"column":24},"end":{"line":16,"column":60}},"3":{"start":{"line":17,"column":22},"end":{"line":17,"column":62}},"4":{"start":{"line":19,"column":4},"end":{"line":24,"column":5}},"5":{"start":{"line":20,"column":6},"end":{"line":20,"column":58}},"6":{"start":{"line":21,"column":6},"end":{"line":21,"column":59}},"7":{"start":{"line":23,"column":6},"end":{"line":23,"column":44}},"8":{"start":{"line":26,"column":4},"end":{"line":32,"column":7}},"9":{"start":{"line":31,"column":19},"end":{"line":31,"column":51}},"10":{"start":{"line":36,"column":28},"end":{"line":36,"column":47}},"11":{"start":{"line":38,"column":4},"end":{"line":42,"column":6}},"12":{"start":{"line":46,"column":0},"end":{"line":57,"column":2}},"13":{"start":{"line":59,"column":0},"end":{"line":67,"column":2}}},"fnMap":{"0":{"name":"(anonymous_0)","decl":{"start":{"line":10,"column":2},"end":{"line":10,"column":3}},"loc":{"start":{"line":10,"column":21},"end":{"line":13,"column":3}},"line":10},"1":{"name":"(anonymous_1)","decl":{"start":{"line":15,"column":2},"end":{"line":15,"column":3}},"loc":{"start":{"line":15,"column":36},"end":{"line":33,"column":3}},"line":15},"2":{"name":"(anonymous_2)","decl":{"start":{"line":31,"column":13},"end":{"line":31,"column":14}},"loc":{"start":{"line":31,"column":19},"end":{"line":31,"column":51}},"line":31},"3":{"name":"(anonymous_3)","decl":{"start":{"line":35,"column":2},"end":{"line":35,"column":3}},"loc":{"start":{"line":35,"column":11},"end":{"line":43,"column":3}},"line":35}},"branchMap":{"0":{"loc":{"start":{"line":19,"column":4},"end":{"line":24,"column":5}},"type":"if","locations":[{"start":{"line":19,"column":4},"end":{"line":24,"column":5}},{"start":{"line":19,"column":4},"end":{"line":24,"column":5}}],"line":19}},"s":{"0":0,"1":0,"2":0,"3":0,"4":0,"5":0,"6":0,"7":0,"8":0,"9":0,"10":0,"11":0,"12":1,"13":1},"f":{"0":0,"1":0,"2":0,"3":0},"b":{"0":[0,0]},"_coverageSchema":"332fd63041d2c1bcb487cc26dd0d5f7d97098a6c","hash":"4043f9d057ae2596c4e8ef5bf5046efd642b49a3"}
,"/Users/41967/Documents/work/P3NK/mobile/ecrew_mobile/src/components/shared/TimeRemainingComponent/TimeRemainingComponent.js": {"path":"/Users/41967/Documents/work/P3NK/mobile/ecrew_mobile/src/components/shared/TimeRemainingComponent/TimeRemainingComponent.js","statementMap":{"0":{"start":{"line":11,"column":4},"end":{"line":11,"column":17}},"1":{"start":{"line":13,"column":4},"end":{"line":13,"column":83}},"2":{"start":{"line":18,"column":4},"end":{"line":40,"column":5}},"3":{"start":{"line":19,"column":6},"end":{"line":29,"column":9}},"4":{"start":{"line":20,"column":8},"end":{"line":28,"column":11}},"5":{"start":{"line":31,"column":6},"end":{"line":39,"column":8}},"6":{"start":{"line":42,"column":4},"end":{"line":44,"column":6}},"7":{"start":{"line":48,"column":4},"end":{"line":52,"column":6}},"8":{"start":{"line":56,"column":0},"end":{"line":65,"column":2}},"9":{"start":{"line":67,"column":0},"end":{"line":70,"column":2}}},"fnMap":{"0":{"name":"(anonymous_0)","decl":{"start":{"line":10,"column":2},"end":{"line":10,"column":3}},"loc":{"start":{"line":10,"column":21},"end":{"line":14,"column":3}},"line":10},"1":{"name":"(anonymous_1)","decl":{"start":{"line":16,"column":2},"end":{"line":16,"column":3}},"loc":{"start":{"line":16,"column":32},"end":{"line":45,"column":3}},"line":16},"2":{"name":"(anonymous_2)","decl":{"start":{"line":19,"column":33},"end":{"line":19,"column":34}},"loc":{"start":{"line":19,"column":46},"end":{"line":29,"column":7}},"line":19},"3":{"name":"(anonymous_3)","decl":{"start":{"line":47,"column":2},"end":{"line":47,"column":3}},"loc":{"start":{"line":47,"column":11},"end":{"line":53,"column":3}},"line":47}},"branchMap":{"0":{"loc":{"start":{"line":18,"column":4},"end":{"line":40,"column":5}},"type":"if","locations":[{"start":{"line":18,"column":4},"end":{"line":40,"column":5}},{"start":{"line":18,"column":4},"end":{"line":40,"column":5}}],"line":18}},"s":{"0":0,"1":0,"2":0,"3":0,"4":0,"5":0,"6":0,"7":0,"8":1,"9":1},"f":{"0":0,"1":0,"2":0,"3":0},"b":{"0":[0,0]},"_coverageSchema":"332fd63041d2c1bcb487cc26dd0d5f7d97098a6c","hash":"61ba9448b66678b9f9f06bcf1b80266cd21ad7f3"}
,"/Users/41967/Documents/work/P3NK/mobile/ecrew_mobile/src/components/shared/TimeRemainingComponent/TimeRemainingComponentStyle.js": {"path":"/Users/41967/Documents/work/P3NK/mobile/ecrew_mobile/src/components/shared/TimeRemainingComponent/TimeRemainingComponentStyle.js","statementMap":{},"fnMap":{},"branchMap":{},"s":{},"f":{},"b":{},"_coverageSchema":"332fd63041d2c1bcb487cc26dd0d5f7d97098a6c","hash":"5bc11674b488e50a21009b65f218aa992384fed3"}
}
