TN:
SF:/Users/41967/Documents/work/P3NK/mobile/ecrew_mobile/jest/setup.js
FNF:0
FNH:0
DA:4,1
LF:1
LH:1
BRF:0
BRH:0
end_of_record
TN:
SF:/Users/41967/Documents/work/P3NK/mobile/ecrew_mobile/src/CommonStyle.js
FNF:0
FNH:0
LF:0
LH:0
BRF:0
BRH:0
end_of_record
TN:
SF:/Users/41967/Documents/work/P3NK/mobile/ecrew_mobile/src/assets/chevronDown.png
FNF:0
FNH:0
DA:1,1
LF:1
LH:1
BRF:0
BRH:0
end_of_record
TN:
SF:/Users/41967/Documents/work/P3NK/mobile/ecrew_mobile/src/assets/chevronRight.png
FNF:0
FNH:0
DA:1,1
LF:1
LH:1
BRF:0
BRH:0
end_of_record
TN:
SF:/Users/41967/Documents/work/P3NK/mobile/ecrew_mobile/src/assets/sceLogo.png
FNF:0
FNH:0
DA:1,1
LF:1
LH:1
BRF:0
BRH:0
end_of_record
TN:
SF:/Users/41967/Documents/work/P3NK/mobile/ecrew_mobile/src/components/shared/index.js
FNF:0
FNH:0
LF:0
LH:0
BRF:0
BRH:0
end_of_record
TN:
SF:/Users/41967/Documents/work/P3NK/mobile/ecrew_mobile/src/components/shared/ButtonComponent/ButtonComponent.js
FN:7,(anonymous_0)
FN:14,(anonymous_1)
FNF:2
FNH:0
FNDA:0,(anonymous_0)
FNDA:0,(anonymous_1)
DA:7,1
DA:13,0
DA:14,0
DA:20,1
DA:33,1
LF:5
LH:3
BRF:0
BRH:0
end_of_record
TN:
SF:/Users/41967/Documents/work/P3NK/mobile/ecrew_mobile/src/components/shared/ButtonComponent/ButtonComponentStyle.js
FNF:0
FNH:0
LF:0
LH:0
BRF:0
BRH:0
end_of_record
TN:
SF:/Users/41967/Documents/work/P3NK/mobile/ecrew_mobile/src/components/shared/CardItemComponent/CardItemComponent.js
FN:7,(anonymous_0)
FNF:1
FNH:1
FNDA:4,(anonymous_0)
DA:7,1
DA:8,4
DA:20,1
DA:24,1
LF:4
LH:4
BRF:0
BRH:0
end_of_record
TN:
SF:/Users/41967/Documents/work/P3NK/mobile/ecrew_mobile/src/components/shared/CardItemComponent/CardItemComponentStyle.js
FNF:0
FNH:0
LF:0
LH:0
BRF:0
BRH:0
end_of_record
TN:
SF:/Users/41967/Documents/work/P3NK/mobile/ecrew_mobile/src/components/shared/CardListComponent/CardListComponent.js
FN:8,(anonymous_0)
FN:12,(anonymous_1)
FNF:2
FNH:0
FNDA:0,(anonymous_0)
FNDA:0,(anonymous_1)
DA:8,1
DA:9,0
DA:12,0
DA:20,1
DA:31,1
LF:5
LH:3
BRDA:11,0,0,0
BRDA:11,0,1,0
BRF:2
BRH:0
end_of_record
TN:
SF:/Users/41967/Documents/work/P3NK/mobile/ecrew_mobile/src/components/shared/CardListComponent/CardListComponentStyle.js
FNF:0
FNH:0
LF:0
LH:0
BRF:0
BRH:0
end_of_record
TN:
SF:/Users/41967/Documents/work/P3NK/mobile/ecrew_mobile/src/components/shared/ContinueButtonComponent/ContinueButtonComponent.js
FN:7,(anonymous_0)
FN:14,(anonymous_1)
FNF:2
FNH:0
FNDA:0,(anonymous_0)
FNDA:0,(anonymous_1)
DA:8,0
DA:9,0
DA:10,0
DA:14,0
DA:17,0
DA:23,1
DA:31,1
LF:7
LH:2
BRDA:9,0,0,0
BRDA:9,0,1,0
BRF:2
BRH:0
end_of_record
TN:
SF:/Users/41967/Documents/work/P3NK/mobile/ecrew_mobile/src/components/shared/ContinueButtonComponent/ContinueButtonComponentStyle.js
FNF:0
FNH:0
LF:0
LH:0
BRF:0
BRH:0
end_of_record
TN:
SF:/Users/41967/Documents/work/P3NK/mobile/ecrew_mobile/src/components/shared/DateTimePickerComponent/DateTimePickerComponent.js
FN:17,(anonymous_0)
FN:24,(anonymous_1)
FN:30,(anonymous_2)
FN:35,(anonymous_3)
FNF:4
FNH:0
FNDA:0,(anonymous_0)
FNDA:0,(anonymous_1)
FNDA:0,(anonymous_2)
FNDA:0,(anonymous_3)
DA:18,0
DA:20,0
DA:21,0
DA:25,0
DA:31,0
DA:44,0
DA:46,0
DA:48,0
DA:68,1
DA:79,1
LF:10
LH:2
BRDA:46,0,0,0
BRDA:46,0,1,0
BRF:2
BRH:0
end_of_record
TN:
SF:/Users/41967/Documents/work/P3NK/mobile/ecrew_mobile/src/components/shared/DateTimePickerComponent/DateTimePickerComponentStyle.js
FNF:0
FNH:0
LF:0
LH:0
BRF:0
BRH:0
end_of_record
TN:
SF:/Users/41967/Documents/work/P3NK/mobile/ecrew_mobile/src/components/shared/DropdownComponent/DropdownComponent.js
FN:11,(anonymous_0)
FN:23,(anonymous_1)
FN:30,(anonymous_2)
FN:40,(anonymous_3)
FNF:4
FNH:0
FNDA:0,(anonymous_0)
FNDA:0,(anonymous_1)
FNDA:0,(anonymous_2)
FNDA:0,(anonymous_3)
DA:12,0
DA:13,0
DA:19,0
DA:20,0
DA:24,0
DA:25,0
DA:31,0
DA:32,0
DA:36,0
DA:41,0
DA:43,0
DA:68,1
DA:88,1
LF:13
LH:2
BRDA:15,0,0,0
BRDA:15,0,1,0
BRDA:31,1,0,0
BRDA:31,1,1,0
BRDA:31,2,0,0
BRDA:31,2,1,0
BRDA:31,2,2,0
BRDA:55,3,0,0
BRDA:55,3,1,0
BRF:9
BRH:0
end_of_record
TN:
SF:/Users/41967/Documents/work/P3NK/mobile/ecrew_mobile/src/components/shared/DropdownComponent/DropdownComponentHelpers.js
FN:5,(anonymous_0)
FN:6,(anonymous_1)
FN:20,(anonymous_2)
FNF:3
FNH:0
FNDA:0,(anonymous_0)
FNDA:0,(anonymous_1)
FNDA:0,(anonymous_2)
DA:6,0
DA:8,0
DA:9,0
DA:10,0
DA:11,0
DA:12,0
DA:14,0
DA:16,0
DA:20,0
LF:9
LH:0
BRDA:9,0,0,0
BRDA:9,0,1,0
BRDA:10,1,0,0
BRDA:10,1,1,0
BRDA:11,2,0,0
BRDA:11,2,1,0
BRDA:11,3,0,0
BRDA:11,3,1,0
BRDA:12,4,0,0
BRDA:12,4,1,0
BRDA:14,5,0,0
BRDA:14,5,1,0
BRDA:14,6,0,0
BRDA:14,6,1,0
BRF:14
BRH:0
end_of_record
TN:
SF:/Users/41967/Documents/work/P3NK/mobile/ecrew_mobile/src/components/shared/DropdownComponent/DropdownComponentStyle.js
FNF:0
FNH:0
LF:0
LH:0
BRF:0
BRH:0
end_of_record
TN:
SF:/Users/41967/Documents/work/P3NK/mobile/ecrew_mobile/src/components/shared/HandOffButtonComponent/HandOffButtonComponent.js
FN:5,(anonymous_0)
FN:7,(anonymous_1)
FNF:2
FNH:0
FNDA:0,(anonymous_0)
FNDA:0,(anonymous_1)
DA:5,1
DA:6,0
DA:7,0
DA:13,1
DA:22,1
LF:5
LH:3
BRF:0
BRH:0
end_of_record
TN:
SF:/Users/41967/Documents/work/P3NK/mobile/ecrew_mobile/src/components/shared/ListComponent/ListComponent.js
FN:8,(anonymous_0)
FN:11,(anonymous_1)
FNF:2
FNH:0
FNDA:0,(anonymous_0)
FNDA:0,(anonymous_1)
DA:8,1
DA:9,0
DA:11,0
DA:16,1
DA:20,1
LF:5
LH:3
BRF:0
BRH:0
end_of_record
TN:
SF:/Users/41967/Documents/work/P3NK/mobile/ecrew_mobile/src/components/shared/ListComponent/ListComponentStyle.js
FNF:0
FNH:0
LF:0
LH:0
BRF:0
BRH:0
end_of_record
TN:
SF:/Users/41967/Documents/work/P3NK/mobile/ecrew_mobile/src/components/shared/ListItemComponent/ListItemComponent.js
FN:7,(anonymous_0)
FN:9,(anonymous_1)
FNF:2
FNH:0
FNDA:0,(anonymous_0)
FNDA:0,(anonymous_1)
DA:7,1
DA:8,0
DA:9,0
DA:17,1
DA:21,1
LF:5
LH:3
BRF:0
BRH:0
end_of_record
TN:
SF:/Users/41967/Documents/work/P3NK/mobile/ecrew_mobile/src/components/shared/ListItemComponent/ListItemComponentStyle.js
FNF:0
FNH:0
LF:0
LH:0
BRF:0
BRH:0
end_of_record
TN:
SF:/Users/41967/Documents/work/P3NK/mobile/ecrew_mobile/src/components/shared/LogoTitleComponent/LogoTitleComponent.js
FN:9,(anonymous_0)
FNF:1
FNH:0
FNDA:0,(anonymous_0)
DA:7,1
DA:9,1
DA:10,0
DA:18,1
DA:22,1
LF:5
LH:4
BRF:0
BRH:0
end_of_record
TN:
SF:/Users/41967/Documents/work/P3NK/mobile/ecrew_mobile/src/components/shared/LogoTitleComponent/LogoTitleComponentStyle.js
FNF:0
FNH:0
LF:0
LH:0
BRF:0
BRH:0
end_of_record
TN:
SF:/Users/41967/Documents/work/P3NK/mobile/ecrew_mobile/src/components/shared/NestedListItemComponent/NestedListItemComponent.js
FN:8,(anonymous_0)
FN:12,(anonymous_1)
FN:13,(anonymous_2)
FN:16,(anonymous_3)
FN:33,(anonymous_4)
FNF:5
FNH:0
FNDA:0,(anonymous_0)
FNDA:0,(anonymous_1)
FNDA:0,(anonymous_2)
FNDA:0,(anonymous_3)
FNDA:0,(anonymous_4)
DA:8,1
DA:9,0
DA:13,0
DA:17,0
DA:33,0
DA:38,1
DA:45,1
LF:7
LH:3
BRF:0
BRH:0
end_of_record
TN:
SF:/Users/41967/Documents/work/P3NK/mobile/ecrew_mobile/src/components/shared/NestedListItemComponent/NestedListItemComponentStyle.js
FNF:0
FNH:0
LF:0
LH:0
BRF:0
BRH:0
end_of_record
TN:
SF:/Users/41967/Documents/work/P3NK/mobile/ecrew_mobile/src/components/shared/OutageInfoComponent/OutageInfoComponent.js
FN:14,(anonymous_0)
FN:22,(anonymous_1)
FN:37,(anonymous_2)
FN:49,(anonymous_3)
FN:50,(anonymous_4)
FN:65,(anonymous_5)
FNF:6
FNH:0
FNDA:0,(anonymous_0)
FNDA:0,(anonymous_1)
FNDA:0,(anonymous_2)
FNDA:0,(anonymous_3)
FNDA:0,(anonymous_4)
FNDA:0,(anonymous_5)
DA:15,0
DA:17,0
DA:18,0
DA:19,0
DA:23,0
DA:27,0
DA:29,0
DA:38,0
DA:44,0
DA:50,0
DA:51,0
DA:52,0
DA:54,0
DA:60,0
DA:78,0
DA:80,0
DA:82,0
DA:90,0
DA:98,0
DA:115,1
DA:120,1
LF:21
LH:2
BRDA:22,0,0,0
BRDA:22,1,0,0
BRDA:27,2,0,0
BRDA:27,2,1,0
BRDA:80,3,0,0
BRDA:80,3,1,0
BRF:6
BRH:0
end_of_record
TN:
SF:/Users/41967/Documents/work/P3NK/mobile/ecrew_mobile/src/components/shared/OutageInfoComponent/OutageInfoComponentStyle.js
FNF:0
FNH:0
LF:0
LH:0
BRF:0
BRH:0
end_of_record
TN:
SF:/Users/41967/Documents/work/P3NK/mobile/ecrew_mobile/src/components/shared/SCardItemComponent/SCardItemComponent.js
FN:7,(anonymous_0)
FNF:1
FNH:0
FNDA:0,(anonymous_0)
DA:7,1
DA:8,0
DA:15,1
DA:26,1
LF:4
LH:3
BRF:0
BRH:0
end_of_record
TN:
SF:/Users/41967/Documents/work/P3NK/mobile/ecrew_mobile/src/components/shared/SCardItemComponent/SCardItemComponentStyle.js
FNF:0
FNH:0
LF:0
LH:0
BRF:0
BRH:0
end_of_record
TN:
SF:/Users/41967/Documents/work/P3NK/mobile/ecrew_mobile/src/components/shared/ScrollBarComponent/ScrollBarComponent.js
FN:8,(anonymous_0)
FN:13,(anonymous_1)
FN:14,(anonymous_2)
FNF:3
FNH:0
FNDA:0,(anonymous_0)
FNDA:0,(anonymous_1)
FNDA:0,(anonymous_2)
DA:8,1
DA:9,0
DA:13,0
DA:14,0
DA:19,1
DA:27,1
LF:6
LH:3
BRF:0
BRH:0
end_of_record
TN:
SF:/Users/41967/Documents/work/P3NK/mobile/ecrew_mobile/src/components/shared/ScrollBarComponent/ScrollBarComponentStyle.js
FNF:0
FNH:0
LF:0
LH:0
BRF:0
BRH:0
end_of_record
TN:
SF:/Users/41967/Documents/work/P3NK/mobile/ecrew_mobile/src/components/shared/TabBarComponent/TabBarComponent.js
FN:10,(anonymous_0)
FN:15,(anonymous_1)
FN:31,(anonymous_2)
FN:35,(anonymous_3)
FNF:4
FNH:0
FNDA:0,(anonymous_0)
FNDA:0,(anonymous_1)
FNDA:0,(anonymous_2)
FNDA:0,(anonymous_3)
DA:11,0
DA:12,0
DA:16,0
DA:17,0
DA:19,0
DA:20,0
DA:21,0
DA:23,0
DA:26,0
DA:31,0
DA:36,0
DA:38,0
DA:46,1
DA:59,1
LF:14
LH:2
BRDA:19,0,0,0
BRDA:19,0,1,0
BRF:2
BRH:0
end_of_record
TN:
SF:/Users/41967/Documents/work/P3NK/mobile/ecrew_mobile/src/components/shared/TimeRemainingComponent/TimeRemainingComponent.js
FN:10,(anonymous_0)
FN:16,(anonymous_1)
FN:19,(anonymous_2)
FN:47,(anonymous_3)
FNF:4
FNH:0
FNDA:0,(anonymous_0)
FNDA:0,(anonymous_1)
FNDA:0,(anonymous_2)
FNDA:0,(anonymous_3)
DA:11,0
DA:13,0
DA:18,0
DA:19,0
DA:20,0
DA:31,0
DA:42,0
DA:48,0
DA:56,1
DA:67,1
LF:10
LH:2
BRDA:18,0,0,0
BRDA:18,0,1,0
BRF:2
BRH:0
end_of_record
TN:
SF:/Users/41967/Documents/work/P3NK/mobile/ecrew_mobile/src/components/shared/TimeRemainingComponent/TimeRemainingComponentStyle.js
FNF:0
FNH:0
LF:0
LH:0
BRF:0
BRH:0
end_of_record
